Using pre-set license
Built from '2020.3/staging' branch; Version is '2020.3.0f1 (c7b5465681fb) revision 13088070'; Using compiler version '192528614'; Build Type 'Release'
OS: 'Windows 10 Pro; OS build 19043.1237; Version 2009; 64bit' Language: 'en' Physical Memory: 16320 MB
BatchMode: 1, IsHumanControllingUs: 0, StartBugReporterOnCrash: 0, Is64bit: 1, IsPro: 0

 COMMAND LINE ARGUMENTS:
C:\Program Files\Unity\Hub\Editor\2020.3.0f1\Editor\Unity.exe
-adb2
-batchMode
-noUpm
-name
AssetImportWorker0
-projectPath
C:/Users/student/My project
-logFile
Logs/AssetImportWorker0.log
-srvPort
59373
Successfully changed project path to: C:/Users/student/My project
C:/Users/student/My project
Using Asset Import Pipeline V2.
Refreshing native plugins compatible for Editor in 21.81 ms, found 0 plugins.
Preloading 0 native plugins for Editor in 0.00 ms.
Initialize engine version: 2020.3.0f1 (c7b5465681fb)
[Subsystems] Discovering subsystems at path C:/Program Files/Unity/Hub/Editor/2020.3.0f1/Editor/Data/Resources/UnitySubsystems
[Subsystems] Discovering subsystems at path C:/Users/student/My project/Assets
GfxDevice: creating device client; threaded=0
Direct3D:
    Version:  Direct3D 11.0 [level 11.1]
    Renderer: NVIDIA GeForce GTX 1060 3GB (ID=0x1c02)
    Vendor:   
    VRAM:     2988 MB
    Driver:   27.21.14.5671
Initialize mono
Mono path[0] = 'C:/Program Files/Unity/Hub/Editor/2020.3.0f1/Editor/Data/Managed'
Mono path[1] = 'C:/Program Files/Unity/Hub/Editor/2020.3.0f1/Editor/Data/MonoBleedingEdge/lib/mono/unityjit'
Mono config path = 'C:/Program Files/Unity/Hub/Editor/2020.3.0f1/Editor/Data/MonoBleedingEdge/etc'
Using monoOptions --debugger-agent=transport=dt_socket,embedding=1,server=y,suspend=n,address=127.0.0.1:56372
Begin MonoManager ReloadAssembly
Registering precompiled unity dll's ...
Register platform support module: C:/Program Files/Unity/Hub/Editor/2020.3.0f1/Editor/Data/PlaybackEngines/WindowsStandaloneSupport/UnityEditor.WindowsStandalone.Extensions.dll
Registered in 0.001493 seconds.
Native extension for WindowsStandalone target not found
Refreshing native plugins compatible for Editor in 29.33 ms, found 0 plugins.
Preloading 0 native plugins for Editor in 0.00 ms.
Invoked RoslynAnalysisRunner static constructor.
RoslynAnalysisRunner will not be running.
RoslynAnalysisRunner has terminated.
Mono: successfully reloaded assembly
- Completed reload, in  1.044 seconds
Platform modules already initialized, skipping
Registering precompiled user dll's ...
Registered in 0.000824 seconds.
Begin MonoManager ReloadAssembly
Native extension for WindowsStandalone target not found
Refreshing native plugins compatible for Editor in 0.19 ms, found 0 plugins.
Preloading 0 native plugins for Editor in 0.00 ms.
Invoked RoslynAnalysisRunner static constructor.
RoslynAnalysisRunner will not be running.
RoslynAnalysisRunner has terminated.
Mono: successfully reloaded assembly
- Completed reload, in  0.799 seconds
Platform modules already initialized, skipping
========================================================================
Worker process is ready to serve import requests
Launched and connected shader compiler UnityShaderCompiler.exe after 0.05 seconds
Refreshing native plugins compatible for Editor in 0.31 ms, found 0 plugins.
Preloading 0 native plugins for Editor in 0.00 ms.
Unloading 1113 Unused Serialized files (Serialized files now loaded: 0)
System memory in use before: 56.8 MB.
System memory in use after: 56.9 MB.

Unloading 10 unused Assets to reduce memory usage. Loaded Objects now: 1555.
Total: 1.987000 ms (FindLiveObjects: 0.251600 ms CreateObjectMapping: 0.061000 ms MarkObjects: 1.540900 ms  DeleteObjects: 0.132000 ms)

========================================================================
Received Import Request.
  path: Assets/Dnk_Dev
  artifactKey: Guid(3f81b036acce24048b3e22d75bd55058) Importer(815301076,1909f56bfc062723c751e8b465ee728b)
Start importing Assets/Dnk_Dev using Guid(3f81b036acce24048b3e22d75bd55058) Importer(815301076,1909f56bfc062723c751e8b465ee728b)  -> (artifact id: '7ed12e1aacef57ad8358b1f20fca47da') in 0.008715 seconds
  Import took 0.011314 seconds .

========================================================================
Received Import Request.
  Time since last request: 4.044367 seconds.
  path: Assets/Dnk_Dev/HospitalHorrorPack
  artifactKey: Guid(bc749db6efffdc74cb310a5df05cc97e) Importer(815301076,1909f56bfc062723c751e8b465ee728b)
Start importing Assets/Dnk_Dev/HospitalHorrorPack using Guid(bc749db6efffdc74cb310a5df05cc97e) Importer(815301076,1909f56bfc062723c751e8b465ee728b)  -> (artifact id: 'c00e28e21ce6d0fe179082ca4ce48d71') in 0.006240 seconds
  Import took 0.008169 seconds .

========================================================================
Received Import Request.
  Time since last request: 0.235473 seconds.
  path: Assets/Dnk_Dev/HospitalHorrorPack/Models
  artifactKey: Guid(dfcbaf66129769e43bf64d5b73ffa859) Importer(815301076,1909f56bfc062723c751e8b465ee728b)
Start importing Assets/Dnk_Dev/HospitalHorrorPack/Models using Guid(dfcbaf66129769e43bf64d5b73ffa859) Importer(815301076,1909f56bfc062723c751e8b465ee728b)  -> (artifact id: '237d8e6d88e98a4a797c439fbc9f9c79') in 0.005806 seconds
  Import took 0.007679 seconds .

========================================================================
Received Import Request.
  Time since last request: 1.648191 seconds.
  path: Assets/Dnk_Dev/HospitalHorrorPack/Prefab
  artifactKey: Guid(895346604be8a9c4f90a21a4ffc68933) Importer(815301076,1909f56bfc062723c751e8b465ee728b)
Start importing Assets/Dnk_Dev/HospitalHorrorPack/Prefab using Guid(895346604be8a9c4f90a21a4ffc68933) Importer(815301076,1909f56bfc062723c751e8b465ee728b)  -> (artifact id: 'e004b6345528eb87c0c9841274c31835') in 0.005759 seconds
  Import took 0.007662 seconds .

========================================================================
Received Import Request.
  Time since last request: 0.065362 seconds.
  path: Assets/Dnk_Dev/HospitalHorrorPack/Prefab/P_Bed_01.prefab
  artifactKey: Guid(2ca85dfd1a5ba8d45b36c20053b13142) Importer(815301076,1909f56bfc062723c751e8b465ee728b)
Start importing Assets/Dnk_Dev/HospitalHorrorPack/Prefab/P_Bed_01.prefab using Guid(2ca85dfd1a5ba8d45b36c20053b13142) Importer(815301076,1909f56bfc062723c751e8b465ee728b)  -> (artifact id: '81f9c896f8cbd9a654bbe00b18be1cdd') in 0.631905 seconds
  Import took 0.634222 seconds .

========================================================================
Received Import Request.
  Time since last request: 0.000349 seconds.
  path: Assets/Dnk_Dev/HospitalHorrorPack/Prefab/P_Floor_02.prefab
  artifactKey: Guid(695e9c39c231cfa41a135e68073a9772) Importer(815301076,1909f56bfc062723c751e8b465ee728b)
Start importing Assets/Dnk_Dev/HospitalHorrorPack/Prefab/P_Floor_02.prefab using Guid(695e9c39c231cfa41a135e68073a9772) Importer(815301076,1909f56bfc062723c751e8b465ee728b)  -> (artifact id: '8c4ea95f133bb34af4c47d4301f44c28') in 0.267912 seconds
  Import took 0.270896 seconds .

========================================================================
Received Import Request.
  Time since last request: 0.000276 seconds.
  path: Assets/Dnk_Dev/HospitalHorrorPack/Prefab/P_Module_DoorRoom_01.prefab
  artifactKey: Guid(3889b3008743b404aba704ca0f2f2989) Importer(815301076,1909f56bfc062723c751e8b465ee728b)
Start importing Assets/Dnk_Dev/HospitalHorrorPack/Prefab/P_Module_DoorRoom_01.prefab using Guid(3889b3008743b404aba704ca0f2f2989) Importer(815301076,1909f56bfc062723c751e8b465ee728b)  -> (artifact id: '7fd6472b0dd5eaeb1e1c5b3fe8f7c042') in 0.468604 seconds
  Import took 0.472822 seconds .

========================================================================
Received Import Request.
  Time since last request: 0.000296 seconds.
  path: Assets/Dnk_Dev/HospitalHorrorPack/Prefab/P_Wall_02.prefab
  artifactKey: Guid(a71dd1fa6efddfa41990980cd044de47) Importer(815301076,1909f56bfc062723c751e8b465ee728b)
Start importing Assets/Dnk_Dev/HospitalHorrorPack/Prefab/P_Wall_02.prefab using Guid(a71dd1fa6efddfa41990980cd044de47) Importer(815301076,1909f56bfc062723c751e8b465ee728b)  -> (artifact id: '19d7132e185beacd51bb04293a85bcb2') in 0.015683 seconds
  Import took 0.017844 seconds .

========================================================================
Received Import Request.
  Time since last request: 0.000422 seconds.
  path: Assets/Dnk_Dev/HospitalHorrorPack/Prefab/P_Floor_01.prefab
  artifactKey: Guid(b826295956c65444987d7baae67c5858) Importer(815301076,1909f56bfc062723c751e8b465ee728b)
Start importing Assets/Dnk_Dev/HospitalHorrorPack/Prefab/P_Floor_01.prefab using Guid(b826295956c65444987d7baae67c5858) Importer(815301076,1909f56bfc062723c751e8b465ee728b)  -> (artifact id: '761cfb6dbd05fece38447f319a57fc3d') in 0.020140 seconds
  Import took 0.022341 seconds .

========================================================================
Received Import Request.
  Time since last request: 0.000482 seconds.
  path: Assets/Dnk_Dev/HospitalHorrorPack/Prefab/P_BedBedding.prefab
  artifactKey: Guid(73dd7a893b9f3b547a73fc800af96e4f) Importer(815301076,1909f56bfc062723c751e8b465ee728b)
Start importing Assets/Dnk_Dev/HospitalHorrorPack/Prefab/P_BedBedding.prefab using Guid(73dd7a893b9f3b547a73fc800af96e4f) Importer(815301076,1909f56bfc062723c751e8b465ee728b)  -> (artifact id: '2dd7688ff9f5fec53832d37bc953d336') in 0.287500 seconds
  Import took 0.290812 seconds .

========================================================================
Received Import Request.
  Time since last request: 0.000222 seconds.
  path: Assets/Dnk_Dev/HospitalHorrorPack/Prefab/P_Med_box_01.prefab
  artifactKey: Guid(eeefdd9044a28504abd5e39c9e8fe5d0) Importer(815301076,1909f56bfc062723c751e8b465ee728b)
Start importing Assets/Dnk_Dev/HospitalHorrorPack/Prefab/P_Med_box_01.prefab using Guid(eeefdd9044a28504abd5e39c9e8fe5d0) Importer(815301076,1909f56bfc062723c751e8b465ee728b)  -> (artifact id: '5542581e833f46424269f1d2a835ecee') in 0.020668 seconds
  Import took 0.023402 seconds .

========================================================================
Received Import Request.
  Time since last request: 0.000332 seconds.
  path: Assets/Dnk_Dev/HospitalHorrorPack/Prefab/P_Ceiling_01.prefab
  artifactKey: Guid(b0f7abaadca23ea4d910efe028624076) Importer(815301076,1909f56bfc062723c751e8b465ee728b)
Start importing Assets/Dnk_Dev/HospitalHorrorPack/Prefab/P_Ceiling_01.prefab using Guid(b0f7abaadca23ea4d910efe028624076) Importer(815301076,1909f56bfc062723c751e8b465ee728b)  -> (artifact id: '495110367a665da392d9122524d0ca6c') in 0.021557 seconds
  Import took 0.023913 seconds .

========================================================================
Received Import Request.
  Time since last request: 0.000312 seconds.
  path: Assets/Dnk_Dev/HospitalHorrorPack/Prefab/P_Lamp.prefab
  artifactKey: Guid(dc8f3955c063af240afd23143f496335) Importer(815301076,1909f56bfc062723c751e8b465ee728b)
Start importing Assets/Dnk_Dev/HospitalHorrorPack/Prefab/P_Lamp.prefab using Guid(dc8f3955c063af240afd23143f496335) Importer(815301076,1909f56bfc062723c751e8b465ee728b)  -> (artifact id: 'b146ef3f5d213a7bf6ed56c53b43113b') in 0.026394 seconds
  Import took 0.029400 seconds .

========================================================================
Received Import Request.
  Time since last request: 0.000245 seconds.
  path: Assets/Dnk_Dev/HospitalHorrorPack/Prefab/P_Column_01.prefab
  artifactKey: Guid(65968727b1724da49a554ba4d50f4ad4) Importer(815301076,1909f56bfc062723c751e8b465ee728b)
Start importing Assets/Dnk_Dev/HospitalHorrorPack/Prefab/P_Column_01.prefab using Guid(65968727b1724da49a554ba4d50f4ad4) Importer(815301076,1909f56bfc062723c751e8b465ee728b)  -> (artifact id: '7f2b0e076f0942c8e28ccb69cd105b8f') in 0.014057 seconds
  Import took 0.015911 seconds .

========================================================================
Received Import Request.
  Time since last request: 0.000293 seconds.
  path: Assets/Dnk_Dev/HospitalHorrorPack/Prefab/P_Door_01_.prefab
  artifactKey: Guid(df2f14ece3a3a0847aad4f1407b39c50) Importer(815301076,1909f56bfc062723c751e8b465ee728b)
Start importing Assets/Dnk_Dev/HospitalHorrorPack/Prefab/P_Door_01_.prefab using Guid(df2f14ece3a3a0847aad4f1407b39c50) Importer(815301076,1909f56bfc062723c751e8b465ee728b)  -> (artifact id: '593710644ec00b2334ed62073013bb0b') in 0.150059 seconds
  Import took 0.152981 seconds .

========================================================================
Received Import Request.
  Time since last request: 0.000362 seconds.
  path: Assets/Dnk_Dev/HospitalHorrorPack/Prefab/P_Wall_01.prefab
  artifactKey: Guid(a73967be39a7cc74ca310e8a9d9de82d) Importer(815301076,1909f56bfc062723c751e8b465ee728b)
Start importing Assets/Dnk_Dev/HospitalHorrorPack/Prefab/P_Wall_01.prefab using Guid(a73967be39a7cc74ca310e8a9d9de82d) Importer(815301076,1909f56bfc062723c751e8b465ee728b)  -> (artifact id: 'bb3eb0fb64d5601e8523511c6348f768') in 0.016146 seconds
  Import took 0.018445 seconds .

========================================================================
Received Import Request.
  Time since last request: 0.000276 seconds.
  path: Assets/Dnk_Dev/HospitalHorrorPack/Prefab/P_Door_01_Base.prefab
  artifactKey: Guid(6d0f69892e260164b9b56372f7556fdb) Importer(815301076,1909f56bfc062723c751e8b465ee728b)
Start importing Assets/Dnk_Dev/HospitalHorrorPack/Prefab/P_Door_01_Base.prefab using Guid(6d0f69892e260164b9b56372f7556fdb) Importer(815301076,1909f56bfc062723c751e8b465ee728b)  -> (artifact id: 'b22cf251dbf9de233dac03b2a72aba08') in 0.019437 seconds
  Import took 0.022143 seconds .

========================================================================
Received Import Request.
  Time since last request: 0.000269 seconds.
  path: Assets/Dnk_Dev/HospitalHorrorPack/Prefab/P_Module_DoorRoom_02.prefab
  artifactKey: Guid(78dc1f2f7ef70c74a8ecfc380bab48be) Importer(815301076,1909f56bfc062723c751e8b465ee728b)
Start importing Assets/Dnk_Dev/HospitalHorrorPack/Prefab/P_Module_DoorRoom_02.prefab using Guid(78dc1f2f7ef70c74a8ecfc380bab48be) Importer(815301076,1909f56bfc062723c751e8b465ee728b)  -> (artifact id: 'c9b87304b9f8f74be12520aee5443820') in 0.233237 seconds
  Import took 0.236575 seconds .

========================================================================
Received Import Request.
  Time since last request: 77.345999 seconds.
  path: Assets/Dnk_Dev/HospitalHorrorPack/Textures
  artifactKey: Guid(94a7a00bb05fa2e44ab3dd420121b030) Importer(815301076,1909f56bfc062723c751e8b465ee728b)
Start importing Assets/Dnk_Dev/HospitalHorrorPack/Textures using Guid(94a7a00bb05fa2e44ab3dd420121b030) Importer(815301076,1909f56bfc062723c751e8b465ee728b)  -> (artifact id: 'caafef7f1e9feb3b622af3e54fac2f55') in 0.007318 seconds
  Import took 0.009718 seconds .

========================================================================
Received Import Request.
  Time since last request: 0.000740 seconds.
  path: Assets/Dnk_Dev/HospitalHorrorPack/Textures
  artifactKey: Guid(94a7a00bb05fa2e44ab3dd420121b030) Importer(815301076,1909f56bfc062723c751e8b465ee728b)
Start importing Assets/Dnk_Dev/HospitalHorrorPack/Textures using Guid(94a7a00bb05fa2e44ab3dd420121b030) Importer(815301076,1909f56bfc062723c751e8b465ee728b)  -> (artifact id: 'caafef7f1e9feb3b622af3e54fac2f55') in 0.002137 seconds
  Import took 0.004133 seconds .

========================================================================
Received Import Request.
  Time since last request: 0.087069 seconds.
  path: Assets/Dnk_Dev/HospitalHorrorPack/Textures/T_Bed_Metal_01.tga
  artifactKey: Guid(6febee19ac762cf46aa78cebb2d48dfa) Importer(815301076,1909f56bfc062723c751e8b465ee728b)
Start importing Assets/Dnk_Dev/HospitalHorrorPack/Textures/T_Bed_Metal_01.tga using Guid(6febee19ac762cf46aa78cebb2d48dfa) Importer(815301076,1909f56bfc062723c751e8b465ee728b)  -> (artifact id: '759c551d2c3ae0021aa0e366bd7dd216') in 0.036369 seconds
  Import took 0.040303 seconds .

========================================================================
Received Import Request.
  Time since last request: 0.000417 seconds.
  path: Assets/Dnk_Dev/HospitalHorrorPack/Textures/T_Tile02_R.TGA
  artifactKey: Guid(dbe39981618f6f141b9a6aa20aa1ed9e) Importer(815301076,1909f56bfc062723c751e8b465ee728b)
Start importing Assets/Dnk_Dev/HospitalHorrorPack/Textures/T_Tile02_R.TGA using Guid(dbe39981618f6f141b9a6aa20aa1ed9e) Importer(815301076,1909f56bfc062723c751e8b465ee728b)  -> (artifact id: '20866f18621c1c1c646dbb39b576fb5f') in 0.013329 seconds
  Import took 0.015274 seconds .

========================================================================
Received Import Request.
  Time since last request: 0.000400 seconds.
  path: Assets/Dnk_Dev/HospitalHorrorPack/Textures/T_BedBedding_S.tga
  artifactKey: Guid(78afc70bb0dd78744be4bc4a5446876e) Importer(815301076,1909f56bfc062723c751e8b465ee728b)
Start importing Assets/Dnk_Dev/HospitalHorrorPack/Textures/T_BedBedding_S.tga using Guid(78afc70bb0dd78744be4bc4a5446876e) Importer(815301076,1909f56bfc062723c751e8b465ee728b)  -> (artifact id: 'ba4e00c026f17418bae3e92bf492c5b4') in 0.013296 seconds
  Import took 0.015801 seconds .

========================================================================
Received Import Request.
  Time since last request: 0.000331 seconds.
  path: Assets/Dnk_Dev/HospitalHorrorPack/Textures/T_Walllime01_R.TGA
  artifactKey: Guid(b8bb4830a55b4464fbf9f91f387148e4) Importer(815301076,1909f56bfc062723c751e8b465ee728b)
Start importing Assets/Dnk_Dev/HospitalHorrorPack/Textures/T_Walllime01_R.TGA using Guid(b8bb4830a55b4464fbf9f91f387148e4) Importer(815301076,1909f56bfc062723c751e8b465ee728b)  -> (artifact id: '918be692428b13d5887f01536321335c') in 0.013525 seconds
  Import took 0.015542 seconds .

========================================================================
Received Import Request.
  Time since last request: 0.000331 seconds.
  path: Assets/Dnk_Dev/HospitalHorrorPack/Textures/T_Door_01_A.tga
  artifactKey: Guid(6a09d6b8923975e4b9af12a04e9d39fe) Importer(815301076,1909f56bfc062723c751e8b465ee728b)
Start importing Assets/Dnk_Dev/HospitalHorrorPack/Textures/T_Door_01_A.tga using Guid(6a09d6b8923975e4b9af12a04e9d39fe) Importer(815301076,1909f56bfc062723c751e8b465ee728b)  -> (artifact id: '64196167c5e3e58617cb110f8918e5f4') in 0.013977 seconds
  Import took 0.016027 seconds .

========================================================================
Received Import Request.
  Time since last request: 0.000329 seconds.
  path: Assets/Dnk_Dev/HospitalHorrorPack/Textures/T_Tile03_N.tga
  artifactKey: Guid(ebc9188e67cba8944bb3818d0e18fca7) Importer(815301076,1909f56bfc062723c751e8b465ee728b)
Start importing Assets/Dnk_Dev/HospitalHorrorPack/Textures/T_Tile03_N.tga using Guid(ebc9188e67cba8944bb3818d0e18fca7) Importer(815301076,1909f56bfc062723c751e8b465ee728b)  -> (artifact id: '4c705b0fdd530a275838b66d7d712da7') in 0.011084 seconds
  Import took 0.013516 seconds .

========================================================================
Received Import Request.
  Time since last request: 0.000381 seconds.
  path: Assets/Dnk_Dev/HospitalHorrorPack/Textures/T_Tile01_R.TGA
  artifactKey: Guid(300acc0be6e47024690a4baa38095d44) Importer(815301076,1909f56bfc062723c751e8b465ee728b)
Start importing Assets/Dnk_Dev/HospitalHorrorPack/Textures/T_Tile01_R.TGA using Guid(300acc0be6e47024690a4baa38095d44) Importer(815301076,1909f56bfc062723c751e8b465ee728b)  -> (artifact id: 'd57c9875360c4b978c3ba08f8e9235a5') in 0.014047 seconds
  Import took 0.016169 seconds .

========================================================================
Received Import Request.
  Time since last request: 0.000243 seconds.
  path: Assets/Dnk_Dev/HospitalHorrorPack/Textures/T_Door_01_G.png
  artifactKey: Guid(1169160aab534cd4aaf32738057f4341) Importer(815301076,1909f56bfc062723c751e8b465ee728b)
Start importing Assets/Dnk_Dev/HospitalHorrorPack/Textures/T_Door_01_G.png using Guid(1169160aab534cd4aaf32738057f4341) Importer(815301076,1909f56bfc062723c751e8b465ee728b)  -> (artifact id: 'abf24fe04055e6d2ac1dfb1b9d8bd006') in 0.047683 seconds
  Import took 0.050162 seconds .

========================================================================
Received Import Request.
  Time since last request: 0.000249 seconds.
  path: Assets/Dnk_Dev/HospitalHorrorPack/Textures/T_Bed_Metal_01_M.tga
  artifactKey: Guid(b0d09a717c8c74d429116d820bcf49f0) Importer(815301076,1909f56bfc062723c751e8b465ee728b)
Start importing Assets/Dnk_Dev/HospitalHorrorPack/Textures/T_Bed_Metal_01_M.tga using Guid(b0d09a717c8c74d429116d820bcf49f0) Importer(815301076,1909f56bfc062723c751e8b465ee728b)  -> (artifact id: '3fa8fed4344fca5a7d5f47a66d312115') in 0.013004 seconds
  Import took 0.015297 seconds .

========================================================================
Received Import Request.
  Time since last request: 0.000302 seconds.
  path: Assets/Dnk_Dev/HospitalHorrorPack/Textures/T_BedBedding.tga
  artifactKey: Guid(65fc25f6168a5594f8e69299285e76d5) Importer(815301076,1909f56bfc062723c751e8b465ee728b)
Start importing Assets/Dnk_Dev/HospitalHorrorPack/Textures/T_BedBedding.tga using Guid(65fc25f6168a5594f8e69299285e76d5) Importer(815301076,1909f56bfc062723c751e8b465ee728b)  -> (artifact id: '5a3bd65de20a369710e6dbeb99a2748e') in 0.011285 seconds
  Import took 0.013097 seconds .

========================================================================
Received Import Request.
  Time since last request: 0.000246 seconds.
  path: Assets/Dnk_Dev/HospitalHorrorPack/Textures/T_BedBedding_N.tga
  artifactKey: Guid(e6c17b59ff07a9e49990101f18210ea1) Importer(815301076,1909f56bfc062723c751e8b465ee728b)
Start importing Assets/Dnk_Dev/HospitalHorrorPack/Textures/T_BedBedding_N.tga using Guid(e6c17b59ff07a9e49990101f18210ea1) Importer(815301076,1909f56bfc062723c751e8b465ee728b)  -> (artifact id: 'a80ea080f1ed51f5a0032922e900ad2b') in 0.015089 seconds
  Import took 0.017334 seconds .

========================================================================
Received Import Request.
  Time since last request: 0.000293 seconds.
  path: Assets/Dnk_Dev/HospitalHorrorPack/Textures/T_Door_01_G_N.png
  artifactKey: Guid(96068c214ec55854a9b721fffd6570a0) Importer(815301076,1909f56bfc062723c751e8b465ee728b)
Start importing Assets/Dnk_Dev/HospitalHorrorPack/Textures/T_Door_01_G_N.png using Guid(96068c214ec55854a9b721fffd6570a0) Importer(815301076,1909f56bfc062723c751e8b465ee728b)  -> (artifact id: 'ba5d290c019a4036fb91152a49007044') in 0.009793 seconds
  Import took 0.011566 seconds .

========================================================================
Received Import Request.
  Time since last request: 0.000255 seconds.
  path: Assets/Dnk_Dev/HospitalHorrorPack/Textures/T_Door_01_MR.tga
  artifactKey: Guid(ace021d20dc4fee42905fc84d876b02b) Importer(815301076,1909f56bfc062723c751e8b465ee728b)
Start importing Assets/Dnk_Dev/HospitalHorrorPack/Textures/T_Door_01_MR.tga using Guid(ace021d20dc4fee42905fc84d876b02b) Importer(815301076,1909f56bfc062723c751e8b465ee728b)  -> (artifact id: 'c3cbb30aed1eb24bfe80ec0eb2820ef2') in 0.010924 seconds
  Import took 0.013162 seconds .

========================================================================
Received Import Request.
  Time since last request: 0.000298 seconds.
  path: Assets/Dnk_Dev/HospitalHorrorPack/Textures/T_Tile02_C.TGA
  artifactKey: Guid(7b98973f5058c8d489993665865ac405) Importer(815301076,1909f56bfc062723c751e8b465ee728b)
Start importing Assets/Dnk_Dev/HospitalHorrorPack/Textures/T_Tile02_C.TGA using Guid(7b98973f5058c8d489993665865ac405) Importer(815301076,1909f56bfc062723c751e8b465ee728b)  -> (artifact id: 'f3d6d4191739c148a679927dafd48a5c') in 0.009962 seconds
  Import took 0.011874 seconds .

========================================================================
Received Import Request.
  Time since last request: 0.000273 seconds.
  path: Assets/Dnk_Dev/HospitalHorrorPack/Textures/T_Lamp.png
  artifactKey: Guid(7d080a928d4dfe9469d81fcb65783a4a) Importer(815301076,1909f56bfc062723c751e8b465ee728b)
Start importing Assets/Dnk_Dev/HospitalHorrorPack/Textures/T_Lamp.png using Guid(7d080a928d4dfe9469d81fcb65783a4a) Importer(815301076,1909f56bfc062723c751e8b465ee728b)  -> (artifact id: '3591cf3d6e02f8607ed71ab85311810c') in 0.013004 seconds
  Import took 0.015313 seconds .

========================================================================
Received Import Request.
  Time since last request: 0.000296 seconds.
  path: Assets/Dnk_Dev/HospitalHorrorPack/Textures/T_Med_box_01.tga
  artifactKey: Guid(71fcdacc93daf0e46bca8ddba2ef798f) Importer(815301076,1909f56bfc062723c751e8b465ee728b)
Start importing Assets/Dnk_Dev/HospitalHorrorPack/Textures/T_Med_box_01.tga using Guid(71fcdacc93daf0e46bca8ddba2ef798f) Importer(815301076,1909f56bfc062723c751e8b465ee728b)  -> (artifact id: '989074d61acc3337b9f121b65705639c') in 0.014024 seconds
  Import took 0.017091 seconds .

========================================================================
Received Import Request.
  Time since last request: 0.000425 seconds.
  path: Assets/Dnk_Dev/HospitalHorrorPack/Textures/T_Walllime01_C.TGA
  artifactKey: Guid(cae203f5c6ff2144a923288d09757339) Importer(815301076,1909f56bfc062723c751e8b465ee728b)
Start importing Assets/Dnk_Dev/HospitalHorrorPack/Textures/T_Walllime01_C.TGA using Guid(cae203f5c6ff2144a923288d09757339) Importer(815301076,1909f56bfc062723c751e8b465ee728b)  -> (artifact id: 'd1d13b000abd9aaa4f9340f5dcda843a') in 0.013677 seconds
  Import took 0.016076 seconds .

========================================================================
Received Import Request.
  Time since last request: 0.000316 seconds.
  path: Assets/Dnk_Dev/HospitalHorrorPack/Textures/T_Lamp_M.png
  artifactKey: Guid(b86fb20848ffead4eae4033d276cac3d) Importer(815301076,1909f56bfc062723c751e8b465ee728b)
Start importing Assets/Dnk_Dev/HospitalHorrorPack/Textures/T_Lamp_M.png using Guid(b86fb20848ffead4eae4033d276cac3d) Importer(815301076,1909f56bfc062723c751e8b465ee728b)  -> (artifact id: '160c73b7f8ed3de363d457057391d716') in 0.015704 seconds
  Import took 0.017911 seconds .

========================================================================
Received Import Request.
  Time since last request: 0.000375 seconds.
  path: Assets/Dnk_Dev/HospitalHorrorPack/Textures/T_Med_box_01_N.tga
  artifactKey: Guid(270dba9cddd76504188a0bc9a4718876) Importer(815301076,1909f56bfc062723c751e8b465ee728b)
Start importing Assets/Dnk_Dev/HospitalHorrorPack/Textures/T_Med_box_01_N.tga using Guid(270dba9cddd76504188a0bc9a4718876) Importer(815301076,1909f56bfc062723c751e8b465ee728b)  -> (artifact id: '2659fff29d1f07b62b8f57cc802e0990') in 0.017463 seconds
  Import took 0.020482 seconds .

========================================================================
Received Import Request.
  Time since last request: 0.000319 seconds.
  path: Assets/Dnk_Dev/HospitalHorrorPack/Textures/T_Lamp_N.png
  artifactKey: Guid(75cc079cbae9eca4b923796faecd0ce5) Importer(815301076,1909f56bfc062723c751e8b465ee728b)
Start importing Assets/Dnk_Dev/HospitalHorrorPack/Textures/T_Lamp_N.png using Guid(75cc079cbae9eca4b923796faecd0ce5) Importer(815301076,1909f56bfc062723c751e8b465ee728b)  -> (artifact id: '475487408fd84f7c08cf802563049bbf') in 0.017197 seconds
  Import took 0.019710 seconds .

========================================================================
Received Import Request.
  Time since last request: 0.000219 seconds.
  path: Assets/Dnk_Dev/HospitalHorrorPack/Textures/T_Door_01_N.tga
  artifactKey: Guid(1187c62cb03f7a243bd9b242817bc2e6) Importer(815301076,1909f56bfc062723c751e8b465ee728b)
Start importing Assets/Dnk_Dev/HospitalHorrorPack/Textures/T_Door_01_N.tga using Guid(1187c62cb03f7a243bd9b242817bc2e6) Importer(815301076,1909f56bfc062723c751e8b465ee728b)  -> (artifact id: 'b30af4b9d663ad9d2b5948b2b08ac6db') in 0.015818 seconds
  Import took 0.018096 seconds .

========================================================================
Received Import Request.
  Time since last request: 0.000264 seconds.
  path: Assets/Dnk_Dev/HospitalHorrorPack/Textures/T_BedBedding_AO.tga
  artifactKey: Guid(9ff408b0cb141da43ba77e4a49f64c19) Importer(815301076,1909f56bfc062723c751e8b465ee728b)
Start importing Assets/Dnk_Dev/HospitalHorrorPack/Textures/T_BedBedding_AO.tga using Guid(9ff408b0cb141da43ba77e4a49f64c19) Importer(815301076,1909f56bfc062723c751e8b465ee728b)  -> (artifact id: '266ceceebe25be530b23b9881c529518') in 0.012160 seconds
  Import took 0.014492 seconds .

========================================================================
Received Import Request.
  Time since last request: 0.000290 seconds.
  path: Assets/Dnk_Dev/HospitalHorrorPack/Textures/T_Tile03.tga
  artifactKey: Guid(ce657f6d6152f1f4da298034f080aa03) Importer(815301076,1909f56bfc062723c751e8b465ee728b)
Start importing Assets/Dnk_Dev/HospitalHorrorPack/Textures/T_Tile03.tga using Guid(ce657f6d6152f1f4da298034f080aa03) Importer(815301076,1909f56bfc062723c751e8b465ee728b)  -> (artifact id: '50830d60efdc7490f0fd60027b8cf6fa') in 0.010560 seconds
  Import took 0.012782 seconds .

========================================================================
Received Import Request.
  Time since last request: 0.000227 seconds.
  path: Assets/Dnk_Dev/HospitalHorrorPack/Textures/T_Lamp_E.png
  artifactKey: Guid(fa12d4b1eb5b8f946ac445d33bf0eddc) Importer(815301076,1909f56bfc062723c751e8b465ee728b)
Start importing Assets/Dnk_Dev/HospitalHorrorPack/Textures/T_Lamp_E.png using Guid(fa12d4b1eb5b8f946ac445d33bf0eddc) Importer(815301076,1909f56bfc062723c751e8b465ee728b)  -> (artifact id: '456f0b7c2da0308d315da2185cf8755c') in 0.012802 seconds
  Import took 0.015439 seconds .

========================================================================
Received Import Request.
  Time since last request: 0.000312 seconds.
  path: Assets/Dnk_Dev/HospitalHorrorPack/Textures/T_Bed_Metal_01_N.tga
  artifactKey: Guid(ac78e263370d86646b803867f58812db) Importer(815301076,1909f56bfc062723c751e8b465ee728b)
Start importing Assets/Dnk_Dev/HospitalHorrorPack/Textures/T_Bed_Metal_01_N.tga using Guid(ac78e263370d86646b803867f58812db) Importer(815301076,1909f56bfc062723c751e8b465ee728b)  -> (artifact id: '755f29c04ff95cfb43949c4f751b2276') in 0.016114 seconds
  Import took 0.018677 seconds .

========================================================================
Received Import Request.
  Time since last request: 0.000230 seconds.
  path: Assets/Dnk_Dev/HospitalHorrorPack/Textures/T_Walllime02_N.tga
  artifactKey: Guid(d1208c33c57b6694aa1982e7193cba8e) Importer(815301076,1909f56bfc062723c751e8b465ee728b)
Start importing Assets/Dnk_Dev/HospitalHorrorPack/Textures/T_Walllime02_N.tga using Guid(d1208c33c57b6694aa1982e7193cba8e) Importer(815301076,1909f56bfc062723c751e8b465ee728b)  -> (artifact id: 'e999200a91648d4e6e3440bd546d613a') in 0.015465 seconds
  Import took 0.017346 seconds .

========================================================================
Received Import Request.
  Time since last request: 0.000278 seconds.
  path: Assets/Dnk_Dev/HospitalHorrorPack/Textures/T_Bed_Metal_01_M.psd
  artifactKey: Guid(933f5a2bcdadaca40a718461c8fe3ecb) Importer(815301076,1909f56bfc062723c751e8b465ee728b)
Start importing Assets/Dnk_Dev/HospitalHorrorPack/Textures/T_Bed_Metal_01_M.psd using Guid(933f5a2bcdadaca40a718461c8fe3ecb) Importer(815301076,1909f56bfc062723c751e8b465ee728b)  -> (artifact id: '3a0baf660c4c0eb1dbf68241c30da9a5') in 0.017020 seconds
  Import took 0.019247 seconds .

========================================================================
Received Import Request.
  Time since last request: 0.000229 seconds.
  path: Assets/Dnk_Dev/HospitalHorrorPack/Textures/T_Bed_Metal_01_N.psd
  artifactKey: Guid(bfe7e5cf3ad491a4e84b3cb14ce08ce3) Importer(815301076,1909f56bfc062723c751e8b465ee728b)
Start importing Assets/Dnk_Dev/HospitalHorrorPack/Textures/T_Bed_Metal_01_N.psd using Guid(bfe7e5cf3ad491a4e84b3cb14ce08ce3) Importer(815301076,1909f56bfc062723c751e8b465ee728b)  -> (artifact id: '291855b9bf57b675b445aba5e0450801') in 0.013705 seconds
  Import took 0.016160 seconds .

========================================================================
Received Import Request.
  Time since last request: 0.000311 seconds.
  path: Assets/Dnk_Dev/HospitalHorrorPack/Textures/T_Walllime02_C.tga
  artifactKey: Guid(ef4dc55c98f1e38479f254791f71a51b) Importer(815301076,1909f56bfc062723c751e8b465ee728b)
Start importing Assets/Dnk_Dev/HospitalHorrorPack/Textures/T_Walllime02_C.tga using Guid(ef4dc55c98f1e38479f254791f71a51b) Importer(815301076,1909f56bfc062723c751e8b465ee728b)  -> (artifact id: '34ca0357514f719c412ac95e4d58e1b7') in 0.011846 seconds
  Import took 0.015269 seconds .

========================================================================
Received Import Request.
  Time since last request: 0.000271 seconds.
  path: Assets/Dnk_Dev/HospitalHorrorPack/Textures/T_Walllime01_N.TGA
  artifactKey: Guid(598acd9ebe884f440a97da6f8426483e) Importer(815301076,1909f56bfc062723c751e8b465ee728b)
Start importing Assets/Dnk_Dev/HospitalHorrorPack/Textures/T_Walllime01_N.TGA using Guid(598acd9ebe884f440a97da6f8426483e) Importer(815301076,1909f56bfc062723c751e8b465ee728b)  -> (artifact id: 'f8ebb0c40b4b75ff6a1b98fb621f6dec') in 0.011241 seconds
  Import took 0.014150 seconds .

========================================================================
Received Import Request.
  Time since last request: 0.000260 seconds.
  path: Assets/Dnk_Dev/HospitalHorrorPack/Textures/T_Med_box_01_M.tga
  artifactKey: Guid(4b37689a686d65946bcdd617ca41bf1b) Importer(815301076,1909f56bfc062723c751e8b465ee728b)
Start importing Assets/Dnk_Dev/HospitalHorrorPack/Textures/T_Med_box_01_M.tga using Guid(4b37689a686d65946bcdd617ca41bf1b) Importer(815301076,1909f56bfc062723c751e8b465ee728b)  -> (artifact id: '56f995fbf90e3262461899f8bd65c540') in 0.014367 seconds
  Import took 0.016632 seconds .

========================================================================
Received Import Request.
  Time since last request: 0.000272 seconds.
  path: Assets/Dnk_Dev/HospitalHorrorPack/Textures/T_Tile02_N.tga
  artifactKey: Guid(2c2941ed45c0e7f4486cb3adc97f188e) Importer(815301076,1909f56bfc062723c751e8b465ee728b)
Start importing Assets/Dnk_Dev/HospitalHorrorPack/Textures/T_Tile02_N.tga using Guid(2c2941ed45c0e7f4486cb3adc97f188e) Importer(815301076,1909f56bfc062723c751e8b465ee728b)  -> (artifact id: '2ba456f00468eb6d29e22e0ede3a09ae') in 0.014325 seconds
  Import took 0.016948 seconds .

========================================================================
Received Import Request.
  Time since last request: 0.000287 seconds.
  path: Assets/Dnk_Dev/HospitalHorrorPack/Textures/T_Tile01_C.tga
  artifactKey: Guid(f1de0460afd04b642a261aef2e069024) Importer(815301076,1909f56bfc062723c751e8b465ee728b)
Start importing Assets/Dnk_Dev/HospitalHorrorPack/Textures/T_Tile01_C.tga using Guid(f1de0460afd04b642a261aef2e069024) Importer(815301076,1909f56bfc062723c751e8b465ee728b)  -> (artifact id: '5513a0e9ae394b0c9fbfd5a6402a3ca0') in 0.013459 seconds
  Import took 0.015579 seconds .

========================================================================
Received Import Request.
  Time since last request: 0.000256 seconds.
  path: Assets/Dnk_Dev/HospitalHorrorPack/Textures/T_Tile01_N.tga
  artifactKey: Guid(9f55a5c8d4742cc47954204866783093) Importer(815301076,1909f56bfc062723c751e8b465ee728b)
Start importing Assets/Dnk_Dev/HospitalHorrorPack/Textures/T_Tile01_N.tga using Guid(9f55a5c8d4742cc47954204866783093) Importer(815301076,1909f56bfc062723c751e8b465ee728b)  -> (artifact id: '225a3fe637008c5fec16e6527ec4fd08') in 0.014434 seconds
  Import took 0.016494 seconds .

========================================================================
Received Prepare
Registering precompiled user dll's ...
Registered in 0.000857 seconds.
Begin MonoManager ReloadAssembly
Native extension for WindowsStandalone target not found
Refreshing native plugins compatible for Editor in 0.25 ms, found 0 plugins.
Preloading 0 native plugins for Editor in 0.00 ms.
Invoked RoslynAnalysisRunner static constructor.
RoslynAnalysisRunner will not be running.
RoslynAnalysisRunner has terminated.
Mono: successfully reloaded assembly
- Completed reload, in  0.886 seconds
Platform modules already initialized, skipping
Refreshing native plugins compatible for Editor in 0.31 ms, found 0 plugins.
Preloading 0 native plugins for Editor in 0.00 ms.
Unloading 1108 Unused Serialized files (Serialized files now loaded: 0)
System memory in use before: 60.7 MB.
System memory in use after: 60.7 MB.

Unloading 6 unused Assets to reduce memory usage. Loaded Objects now: 1573.
Total: 1.947300 ms (FindLiveObjects: 0.193800 ms CreateObjectMapping: 0.080900 ms MarkObjects: 1.591300 ms  DeleteObjects: 0.079500 ms)

========================================================================
Received Import Request.
  Time since last request: 4310.995627 seconds.
  path: Assets/Scenes
  artifactKey: Guid(ca3947f2fa63b1a408e2947d51ee589e) Importer(815301076,1909f56bfc062723c751e8b465ee728b)
Start importing Assets/Scenes using Guid(ca3947f2fa63b1a408e2947d51ee589e) Importer(815301076,1909f56bfc062723c751e8b465ee728b)  -> (artifact id: '3dc7d731cfbdb9b559039c437a056226') in 0.009275 seconds
  Import took 0.011800 seconds .

========================================================================
Received Import Request.
  Time since last request: 0.722816 seconds.
  path: Assets/Scenes/SampleScene.unity
  artifactKey: Guid(9fc0d4010bbf28b4594072e72b8655ab) Importer(815301076,1909f56bfc062723c751e8b465ee728b)
Start importing Assets/Scenes/SampleScene.unity using Guid(9fc0d4010bbf28b4594072e72b8655ab) Importer(815301076,1909f56bfc062723c751e8b465ee728b)  -> (artifact id: '777e927d0b238e2cde0f6869e17df74c') in 0.013478 seconds
  Import took 0.015439 seconds .

========================================================================
Received Import Request.
  Time since last request: 21.325002 seconds.
  path: Assets/Dnk_Dev/HospitalHorrorPack/Models/SM_Bed_01.obj
  artifactKey: Guid(b47f5c9ac3a4adc4582f259efbe3c8e5) Importer(815301076,1909f56bfc062723c751e8b465ee728b)
Start importing Assets/Dnk_Dev/HospitalHorrorPack/Models/SM_Bed_01.obj using Guid(b47f5c9ac3a4adc4582f259efbe3c8e5) Importer(815301076,1909f56bfc062723c751e8b465ee728b)  -> (artifact id: '8dd9a0be9c10414d76e2a0b9db18c4cb') in 0.161593 seconds
  Import took 0.164007 seconds .

========================================================================
Received Import Request.
  Time since last request: 0.000382 seconds.
  path: Assets/Dnk_Dev/HospitalHorrorPack/Models/SM_Floor_02.obj
  artifactKey: Guid(2ec12a10dd1a99b498eec7fd09146b7b) Importer(815301076,1909f56bfc062723c751e8b465ee728b)
Start importing Assets/Dnk_Dev/HospitalHorrorPack/Models/SM_Floor_02.obj using Guid(2ec12a10dd1a99b498eec7fd09146b7b) Importer(815301076,1909f56bfc062723c751e8b465ee728b)  -> (artifact id: '0ac0a7434272a96b2596e63c46a11080') in 0.028149 seconds
  Import took 0.029863 seconds .

========================================================================
Received Import Request.
  Time since last request: 0.000344 seconds.
  path: Assets/Dnk_Dev/HospitalHorrorPack/Models/SM_Lamp.obj
  artifactKey: Guid(99d1229755c80d54d975792177cdddee) Importer(815301076,1909f56bfc062723c751e8b465ee728b)
Start importing Assets/Dnk_Dev/HospitalHorrorPack/Models/SM_Lamp.obj using Guid(99d1229755c80d54d975792177cdddee) Importer(815301076,1909f56bfc062723c751e8b465ee728b)  -> (artifact id: '4e44188ef6f2afb168cc695dc0dccafc') in 0.018550 seconds
  Import took 0.020780 seconds .

========================================================================
Received Import Request.
  Time since last request: 0.000394 seconds.
  path: Assets/Dnk_Dev/HospitalHorrorPack/Models/SM_Floor_01.obj
  artifactKey: Guid(3565346867580db48870fbcfd66de77b) Importer(815301076,1909f56bfc062723c751e8b465ee728b)
Start importing Assets/Dnk_Dev/HospitalHorrorPack/Models/SM_Floor_01.obj using Guid(3565346867580db48870fbcfd66de77b) Importer(815301076,1909f56bfc062723c751e8b465ee728b)  -> (artifact id: 'b89448864c2623f9889ab39b5e749dae') in 0.017110 seconds
  Import took 0.019585 seconds .

========================================================================
Received Import Request.
  Time since last request: 0.000359 seconds.
  path: Assets/Dnk_Dev/HospitalHorrorPack/Models/SM_Module_DoorRoom_01.obj
  artifactKey: Guid(0d79e6eeb6fa3724482d6c497796a964) Importer(815301076,1909f56bfc062723c751e8b465ee728b)
Start importing Assets/Dnk_Dev/HospitalHorrorPack/Models/SM_Module_DoorRoom_01.obj using Guid(0d79e6eeb6fa3724482d6c497796a964) Importer(815301076,1909f56bfc062723c751e8b465ee728b)  -> (artifact id: 'a4878885dfcf6932c8a713851aceaa27') in 0.045197 seconds
  Import took 0.047563 seconds .

========================================================================
Received Import Request.
  Time since last request: 0.000363 seconds.
  path: Assets/Dnk_Dev/HospitalHorrorPack/Models/SM_Module_DoorRoom_02.obj
  artifactKey: Guid(2e7ceb9bdea64d749a31eaaf90027994) Importer(815301076,1909f56bfc062723c751e8b465ee728b)
Start importing Assets/Dnk_Dev/HospitalHorrorPack/Models/SM_Module_DoorRoom_02.obj using Guid(2e7ceb9bdea64d749a31eaaf90027994) Importer(815301076,1909f56bfc062723c751e8b465ee728b)  -> (artifact id: '735821e42b57afa22ca00ec5733a09e3') in 0.059603 seconds
  Import took 0.062022 seconds .

========================================================================
Received Import Request.
  Time since last request: 0.000361 seconds.
  path: Assets/Dnk_Dev/HospitalHorrorPack/Models/SM_BedBedding_01.obj
  artifactKey: Guid(92a399879ec49094b8bd5109dd1d830e) Importer(815301076,1909f56bfc062723c751e8b465ee728b)
Start importing Assets/Dnk_Dev/HospitalHorrorPack/Models/SM_BedBedding_01.obj using Guid(92a399879ec49094b8bd5109dd1d830e) Importer(815301076,1909f56bfc062723c751e8b465ee728b)  -> (artifact id: 'f3df406cd420f4d3bc018f0cd6fea32a') in 0.018227 seconds
  Import took 0.020917 seconds .

========================================================================
Received Import Request.
  Time since last request: 0.000273 seconds.
  path: Assets/Dnk_Dev/HospitalHorrorPack/Models/SM_Wall_01.obj
  artifactKey: Guid(220440116ec5d2f4fa6d4c4b8a9e095b) Importer(815301076,1909f56bfc062723c751e8b465ee728b)
Start importing Assets/Dnk_Dev/HospitalHorrorPack/Models/SM_Wall_01.obj using Guid(220440116ec5d2f4fa6d4c4b8a9e095b) Importer(815301076,1909f56bfc062723c751e8b465ee728b)  -> (artifact id: '057bb169c79ed9d21ad5a1486a7298c3') in 0.024150 seconds
  Import took 0.026461 seconds .

========================================================================
Received Import Request.
  Time since last request: 0.000242 seconds.
  path: Assets/Dnk_Dev/HospitalHorrorPack/Models/SM_BedBedding_01.obj
  artifactKey: Guid(92a399879ec49094b8bd5109dd1d830e) Importer(815301076,1909f56bfc062723c751e8b465ee728b)
Start importing Assets/Dnk_Dev/HospitalHorrorPack/Models/SM_BedBedding_01.obj using Guid(92a399879ec49094b8bd5109dd1d830e) Importer(815301076,1909f56bfc062723c751e8b465ee728b)  -> (artifact id: 'f3df406cd420f4d3bc018f0cd6fea32a') in 0.018359 seconds
  Import took 0.020699 seconds .

========================================================================
Received Import Request.
  Time since last request: 0.000277 seconds.
  path: Assets/Dnk_Dev/HospitalHorrorPack/Models/SM_Med_box_01.FBX
  artifactKey: Guid(18ce9342c786442408d15b750748b72c) Importer(815301076,1909f56bfc062723c751e8b465ee728b)
Start importing Assets/Dnk_Dev/HospitalHorrorPack/Models/SM_Med_box_01.FBX using Guid(18ce9342c786442408d15b750748b72c) Importer(815301076,1909f56bfc062723c751e8b465ee728b)  -> (artifact id: '26034c0f2be24803b22b41094276c8a0') in 0.018599 seconds
  Import took 0.020567 seconds .

========================================================================
Received Import Request.
  Time since last request: 0.000328 seconds.
  path: Assets/Dnk_Dev/HospitalHorrorPack/Models/SM_Wall_02.obj
  artifactKey: Guid(2e7a8487ab4626741848c28337daebd1) Importer(815301076,1909f56bfc062723c751e8b465ee728b)
Start importing Assets/Dnk_Dev/HospitalHorrorPack/Models/SM_Wall_02.obj using Guid(2e7a8487ab4626741848c28337daebd1) Importer(815301076,1909f56bfc062723c751e8b465ee728b)  -> (artifact id: '090c2f4536434a0c38b65bd968ea8e93') in 0.025340 seconds
  Import took 0.027445 seconds .

========================================================================
Received Import Request.
  Time since last request: 0.000307 seconds.
  path: Assets/Dnk_Dev/HospitalHorrorPack/Models/SM_Ceiling_01.obj
  artifactKey: Guid(fb6d3eae3b4e46e46a8b71b5faa7e6a3) Importer(815301076,1909f56bfc062723c751e8b465ee728b)
Start importing Assets/Dnk_Dev/HospitalHorrorPack/Models/SM_Ceiling_01.obj using Guid(fb6d3eae3b4e46e46a8b71b5faa7e6a3) Importer(815301076,1909f56bfc062723c751e8b465ee728b)  -> (artifact id: '01b13470a601df4fbb14a723a3134f52') in 0.017292 seconds
  Import took 0.019333 seconds .

========================================================================
Received Import Request.
  Time since last request: 0.000291 seconds.
  path: Assets/Dnk_Dev/HospitalHorrorPack/Models/SM_Door_01.obj
  artifactKey: Guid(8c088c51437f8e84c8ccf368945d30c0) Importer(815301076,1909f56bfc062723c751e8b465ee728b)
Start importing Assets/Dnk_Dev/HospitalHorrorPack/Models/SM_Door_01.obj using Guid(8c088c51437f8e84c8ccf368945d30c0) Importer(815301076,1909f56bfc062723c751e8b465ee728b)  -> (artifact id: '59e70d983db1f2bbafe47d007edb4676') in 0.030115 seconds
  Import took 0.032398 seconds .

========================================================================
Received Import Request.
  Time since last request: 0.000270 seconds.
  path: Assets/Dnk_Dev/HospitalHorrorPack/Models/SM_Column_01.FBX
  artifactKey: Guid(9287a4cf151cef34fb2bf51cfb3565a7) Importer(815301076,1909f56bfc062723c751e8b465ee728b)
Start importing Assets/Dnk_Dev/HospitalHorrorPack/Models/SM_Column_01.FBX using Guid(9287a4cf151cef34fb2bf51cfb3565a7) Importer(815301076,1909f56bfc062723c751e8b465ee728b)  -> (artifact id: '68bf0cefa40a749a5486aea3ed286b09') in 0.017362 seconds
  Import took 0.019773 seconds .

========================================================================
Received Import Request.
  Time since last request: 0.001313 seconds.
  path: Assets/Dnk_Dev/HospitalHorrorPack/Models/SM_Column_01.FBX
  artifactKey: Guid(9287a4cf151cef34fb2bf51cfb3565a7) Importer(815301076,1909f56bfc062723c751e8b465ee728b)
Start importing Assets/Dnk_Dev/HospitalHorrorPack/Models/SM_Column_01.FBX using Guid(9287a4cf151cef34fb2bf51cfb3565a7) Importer(815301076,1909f56bfc062723c751e8b465ee728b)  -> (artifact id: '68bf0cefa40a749a5486aea3ed286b09') in 0.010352 seconds
  Import took 0.012608 seconds .

========================================================================
Received Import Request.
  Time since last request: 166.988403 seconds.
  path: Assets/Scenes/SampleScene.unity
  artifactKey: Guid(9fc0d4010bbf28b4594072e72b8655ab) Importer(815301076,1909f56bfc062723c751e8b465ee728b)
Start importing Assets/Scenes/SampleScene.unity using Guid(9fc0d4010bbf28b4594072e72b8655ab) Importer(815301076,1909f56bfc062723c751e8b465ee728b)  -> (artifact id: 'b45d2958f46665396cb570d9e0b52c10') in 0.002954 seconds
  Import took 0.005074 seconds .

AssetImportWorkerClient::OnTransportError - code=2 error=End of file
